2025-09-23 15:29:54,829 - browser.session - INFO - Starte Tor...
2025-09-23 15:29:54,882 - proxy.tor_proxy - INFO - Tor gefunden unter: /usr/local/bin/tor
2025-09-23 15:29:55,268 - proxy.tor_proxy - INFO - Tor läuft bereits
2025-09-23 15:29:55,271 - proxy.tor_proxy - INFO - Proxy-Session erstellt
2025-09-23 15:29:55,274 - browser.session - INFO - Starte Chrome Browser...
2025-09-23 15:30:16,031 - browser.session - INFO - Chrome gestartet
2025-09-23 15:30:16,379 - proxy.tor_proxy - WARNING - Keine gebaute Circuit gefunden, Exit-IP unbekannt
2025-09-23 15:30:16,389 - __main__ - WARNING - Tor Exit-IP unbekannt
2025-09-23 15:30:16,389 - browser.session - INFO - Navigiere zu: https://markb.de
2025-09-23 15:30:25,791 - browser.session - INFO - ✓ Seite geladen
2025-09-23 15:30:34,287 - browser.session - INFO - Browser geschlossen
2025-09-23 15:30:35,131 - proxy.tor_proxy - INFO - Tor-Prozess 47754 beendet
2025-09-23 15:30:35,307 - browser.session - INFO - Tor gestoppt
2025-09-23 15:30:44,776 - browser.session - INFO - Starte Tor...
2025-09-23 15:30:44,782 - proxy.tor_proxy - INFO - Tor gefunden unter: /usr/local/bin/tor
2025-09-23 15:30:44,828 - proxy.tor_proxy - INFO - Tor läuft bereits
2025-09-23 15:30:44,829 - proxy.tor_proxy - INFO - Proxy-Session erstellt
2025-09-23 15:30:44,829 - browser.session - INFO - Starte Chrome Browser...
2025-09-23 15:30:49,614 - browser.session - INFO - Chrome gestartet
2025-09-23 15:30:49,638 - proxy.tor_proxy - INFO - Exit-Node: DFRI46 (0F1C2A846C228EF96A623D9E421EF63B3BD32BD5) 171.25.193.35
2025-09-23 15:30:49,645 - __main__ - INFO - Tor Exit-IP: 171.25.193.35
2025-09-23 15:30:49,645 - browser.session - INFO - Navigiere zu: https://markb.de
2025-09-23 15:30:52,760 - browser.session - INFO - ✓ Seite geladen
2025-09-23 15:31:32,303 - browser.session - INFO - Browser geschlossen
2025-09-23 15:31:32,411 - proxy.tor_proxy - INFO - Tor-Prozess 51764 beendet
2025-09-23 15:31:32,426 - browser.session - INFO - Tor gestoppt
